<?xml version="1.0" encoding="UTF-8"?>
<!-- Generated by org.testng.reporters.JUnitReportReporter -->
<testsuite hostname="DESKTOP-SO61KK6" failures="0" tests="1" name="com.magento.tests.SignupTest" time="26.463" errors="0" timestamp="2025-07-24T22:46:03 IST" skipped="0">
  <testcase classname="com.magento.tests.SignupTest" name="testSignupData" time="26.463"/>
</testsuite> <!-- com.magento.tests.SignupTest -->
